<html>
<head>
<title>TestNG:  Default test</title>
<link href="../testng.css" rel="stylesheet" type="text/css" />
<link href="../my-testng.css" rel="stylesheet" type="text/css" />

<style type="text/css">
.log { display: none;} 
.stack-trace { display: none;} 
</style>
<script type="text/javascript">
<!--
function flip(e) {
  current = e.style.display;
  if (current == 'block') {
    e.style.display = 'none';
    return 0;
  }
  else {
    e.style.display = 'block';
    return 1;
  }
}

function toggleBox(szDivId, elem, msg1, msg2)
{
  var res = -1;  if (document.getElementById) {
    res = flip(document.getElementById(szDivId));
  }
  else if (document.all) {
    // this is the way old msie versions work
    res = flip(document.all[szDivId]);
  }
  if(elem) {
    if(res == 0) elem.innerHTML = msg1; else elem.innerHTML = msg2;
  }

}

function toggleAllBoxes() {
  if (document.getElementsByTagName) {
    d = document.getElementsByTagName('div');
    for (i = 0; i < d.length; i++) {
      if (d[i].className == 'log') {
        flip(d[i]);
      }
    }
  }
}

// -->
</script>

</head>
<body>
<h2 align='center'>Default test</h2><table border='1' align="center">
<tr>
<td>Tests passed/Failed/Skipped:</td><td>0/1/0</td>
</tr><tr>
<td>Started on:</td><td>Mon Mar 17 13:55:11 IST 2025</td>
</tr>
<tr><td>Total time:</td><td>1 seconds (1764 ms)</td>
</tr><tr>
<td>Included groups:</td><td></td>
</tr><tr>
<td>Excluded groups:</td><td></td>
</tr>
</table><p/>
<small><i>(Hover the method name to see the test class name)</i></small><p/>
<table width='100%' border='1' class='invocation-failed'>
<tr><td colspan='4' align='center'><b>FAILED TESTS</b></td></tr>
<tr><td><b>Test method</b></td>
<td><b>Attribute(s)</b></td>
<td width="30%"><b>Exception</b></td>
<td width="10%"><b>Time (seconds)</b></td>
<td><b>Instance</b></td>
</tr>
<tr>
<td title='com.PROJECTPS.testrunner.RunnerClass.runScenario()'><b>runScenario</b><br>Test class: com.PROJECTPS.testrunner.RunnerClass<br>Test method: Runs Cucumber Scenarios<br>Parameters: "Validation of login using valid credentials", "Login Functionality"</td>
<td><div><pre>java.lang.IllegalArgumentException: Driver must be set
	at org.openqa.selenium.internal.Require.nonNull(Require.java:64)
	at org.openqa.selenium.interactions.Actions.&lt;init&gt;(Actions.java:67)
	at org.openqa.selenium.interactions.Actions.&lt;init&gt;(Actions.java:63)
	at com.PROJECTPS.pages.PS01_LoginPage.navigateToMyAccount(PS01_LoginPage.java:29)
	at com.PROJECTPS.stepdefinition.PS01_LoginStepDef.the_user_should_be_in_login_page(PS01_LoginStepDef.java:27)
	at ✽.the user should be in login page(file:///C:/Users/USER/git/repository6/com.cucumber/src/test/java/com/PROJECTPS/features/PS01_Login.feature:6)
</pre></div><a href='#' onClick='toggleBox("stack-trace1532409428", this, "Click to show all stack frames", "Click to hide stack frames")'>Click to show all stack frames</a>
<div class='stack-trace' id='stack-trace1532409428'><pre>java.lang.IllegalArgumentException: Driver must be set
	at org.openqa.selenium.internal.Require.nonNull(Require.java:64)
	at org.openqa.selenium.interactions.Actions.&lt;init&gt;(Actions.java:67)
	at org.openqa.selenium.interactions.Actions.&lt;init&gt;(Actions.java:63)
	at com.PROJECTPS.pages.PS01_LoginPage.navigateToMyAccount(PS01_LoginPage.java:29)
	at com.PROJECTPS.stepdefinition.PS01_LoginStepDef.the_user_should_be_in_login_page(PS01_LoginStepDef.java:27)
	at ✽.the user should be in login page(file:///C:/Users/USER/git/repository6/com.cucumber/src/test/java/com/PROJECTPS/features/PS01_Login.feature:6)
</pre></div></td>
<td>0</td>
<td>com.PROJECTPS.testrunner.RunnerClass@183ec003</td></tr>
</table><p>
</body>
</html>